2014-02-23 12:50:11 [CLIENT] [INFO] Setting user: Player326
2014-02-23 12:50:12 [CLIENT] [INFO] LWJGL Version: 2.9.0
2014-02-23 12:50:13 [CLIENT] [INFO] Reloading ResourceManager: Default
2014-02-23 12:50:16 [CLIENT] [INFO] Reloading ResourceManager: Default, FMLFileResourcePack:Forge Mod Loader, FMLFileResourcePack:Minecraft Forge
2014-02-23 12:50:17 [CLIENT] [INFO] Reloading ResourceManager: Default, FMLFileResourcePack:Forge Mod Loader, FMLFileResourcePack:Minecraft Forge
2014-02-23 12:50:19 [CLIENT] [SEVERE] Realms: Server not available!
2014-02-23 12:50:23 [CLIENT] [INFO] Stopping!
2014-02-25 15:31:35 [CLIENT] [INFO] Setting user: Player963
2014-02-25 15:31:36 [CLIENT] [INFO] LWJGL Version: 2.9.0
2014-02-25 15:31:36 [CLIENT] [INFO] Reloading ResourceManager: Default
2014-02-25 15:31:39 [CLIENT] [INFO] Reloading ResourceManager: Default, FMLFileResourcePack:Forge Mod Loader, FMLFileResourcePack:Minecraft Forge, FMLFileResourcePack:Minecraft CV Modification
2014-02-25 15:39:21 [CLIENT] [INFO] Setting user: Player693
2014-02-25 15:39:21 [CLIENT] [INFO] LWJGL Version: 2.9.0
2014-02-25 15:39:22 [CLIENT] [INFO] Reloading ResourceManager: Default
2014-02-25 15:39:24 [CLIENT] [INFO] Reloading ResourceManager: Default, FMLFileResourcePack:Forge Mod Loader, FMLFileResourcePack:Minecraft Forge, FMLFileResourcePack:Minecraft CV Modification
2014-02-25 15:43:32 [CLIENT] [INFO] Setting user: Player701
2014-02-25 15:43:33 [CLIENT] [INFO] LWJGL Version: 2.9.0
2014-02-25 15:43:34 [CLIENT] [INFO] Reloading ResourceManager: Default
2014-02-25 15:43:37 [CLIENT] [INFO] Reloading ResourceManager: Default, FMLFileResourcePack:Forge Mod Loader, FMLFileResourcePack:Minecraft Forge, FMLFileResourcePack:Minecraft CV Modification
2014-02-25 15:47:10 [CLIENT] [INFO] Setting user: Player675
2014-02-25 15:47:10 [CLIENT] [INFO] LWJGL Version: 2.9.0
2014-02-25 15:47:11 [CLIENT] [INFO] Reloading ResourceManager: Default
2014-02-25 15:47:13 [CLIENT] [INFO] Reloading ResourceManager: Default, FMLFileResourcePack:Forge Mod Loader, FMLFileResourcePack:Minecraft Forge, FMLFileResourcePack:Minecraft CV Modification
2014-02-25 15:48:49 [CLIENT] [INFO] Setting user: Player681
2014-02-25 15:48:49 [CLIENT] [INFO] LWJGL Version: 2.9.0
2014-02-25 15:48:50 [CLIENT] [INFO] Reloading ResourceManager: Default
2014-02-25 15:48:52 [CLIENT] [INFO] Reloading ResourceManager: Default, FMLFileResourcePack:Forge Mod Loader, FMLFileResourcePack:Minecraft Forge, FMLFileResourcePack:Minecraft CV Modification
2014-02-25 15:51:16 [CLIENT] [INFO] Setting user: Player358
2014-02-25 15:51:17 [CLIENT] [INFO] LWJGL Version: 2.9.0
2014-02-25 15:51:17 [CLIENT] [INFO] Reloading ResourceManager: Default
2014-02-25 15:51:20 [CLIENT] [INFO] Reloading ResourceManager: Default, FMLFileResourcePack:Forge Mod Loader, FMLFileResourcePack:Minecraft Forge, FMLFileResourcePack:Minecraft CV Modification
2014-02-25 15:51:21 [CLIENT] [INFO] Reloading ResourceManager: Default, FMLFileResourcePack:Forge Mod Loader, FMLFileResourcePack:Minecraft Forge, FMLFileResourcePack:Minecraft CV Modification
2014-02-25 15:51:22 [CLIENT] [SEVERE] Realms: Server not available!
2014-02-25 15:51:30 [CLIENT] [INFO] Stopping!
